Arguments: 
  C:\Program Files\nodejs\node.exe C:\Users\DNoor\.node\corepack\yarn\1.22.15\bin\yarn.js add GoogleChromeLabs/squoosh/codecs

PATH: 
  C:\Program Files\Common Files\Oracle\Java\javapath;C:\Python310\Scripts\;C:\Python310\;C:\Program Files\Oculus\Support\oculus-runtime;C:\Program Files (x86)\Common Files\Oracle\Java\javapath;C:\Program Files (x86)\Common Files\Intel\Shared Libraries\redist\intel64\compiler;C:\windows\system32;C:\windows;C:\windows\System32\Wbem;C:\windows\System32\WindowsPowerShell\v1.0\;C:\windows\System32\OpenSSH\;C:\Program Files (x86)\NVIDIA Corporation\PhysX\Common;C:\Program Files\NVIDIA Corporation\NVIDIA NvDLISR;C:\FPC\3.2.0\bin\i386-Win32;C:\Program Files\dotnet\;C:\WINDOWS\system32;C:\WINDOWS;C:\WINDOWS\System32\Wbem;C:\WINDOWS\System32\WindowsPowerShell\v1.0\;C:\WINDOWS\System32\OpenSSH\;C:\Program Files\Microsoft SQL Server\130\Tools\Binn\;C:\Program Files\Microsoft SQL Server\Client SDK\ODBC\170\Tools\Binn\;C:\Program Files\Microsoft SQL Server\150\Tools\Binn\;C:\Program Files\PuTTY\;C:\Program Files\Git\cmd;C:\ProgramData\chocolatey\bin;C:\Users\DNoor\AppData\Roaming\nvm;C:\Program Files\nodejs;C:\Program Files\Docker\Docker\resources\bin;C:\Users\DNoor\AppData\Local\Programs\Python\Python310\Scripts\;C:\Users\DNoor\AppData\Local\Programs\Python\Python310\;C:\Users\DNoor\.cargo\bin;C:\Ruby27-x64\bin;C:\Users\DNoor\AppData\Local\Programs\Python\Python39\Scripts\;C:\Users\DNoor\AppData\Local\Programs\Python\Python39\;C:\Users\DNoor\AppData\Local\Programs\Python\Python38-32\Scripts\;C:\Users\DNoor\AppData\Local\Programs\Python\Python38-32\;C:\Users\DNoor\AppData\Local\Microsoft\WindowsApps;C:\Users\DNoor\AppData\Local\Programs\Microsoft VS Code\bin;C:\Users\DNoor\.dotnet\tools;C:\Program Files (x86)\Mono\bin;C:\Users\DNoor\AppData\Local\NSIS;C:\Program Files\Git\bin;C:\Program Files\Git\cmd;C:\Program Files\heroku\bin;C:\Users\DNoor\AppData\Local\GitHubDesktop\bin;C:\Program Files\OpenSSL-Win64\bin;C:\Users\DNoor\AppData\Roaming\npm;C:\Users\DNoor\AppData\Local\Google\Cloud SDK\google-cloud-sdk\bin;C:\Users\DNoor\AppData\Roaming\nvm;C:\Program Files\nodejs

Yarn version: 
  1.22.15

Node version: 
  16.17.0

Platform: 
  win32 x64

Trace: 
  Error: https://registry.yarnpkg.com/GoogleChromeLabs%2fsquoosh/codecs: Request "https://registry.yarnpkg.com/GoogleChromeLabs%2fsquoosh/codecs" returned a 405
      at Request.params.callback [as _callback] (C:\Users\DNoor\.node\corepack\yarn\1.22.15\lib\cli.js:66149:18)
      at Request.self.callback (C:\Users\DNoor\.node\corepack\yarn\1.22.15\lib\cli.js:140885:22)
      at Request.emit (node:events:513:28)
      at Request.<anonymous> (C:\Users\DNoor\.node\corepack\yarn\1.22.15\lib\cli.js:141857:10)
      at Request.emit (node:events:513:28)
      at IncomingMessage.<anonymous> (C:\Users\DNoor\.node\corepack\yarn\1.22.15\lib\cli.js:141779:12)
      at Object.onceWrapper (node:events:627:28)
      at IncomingMessage.emit (node:events:525:35)
      at endReadableNT (node:internal/streams/readable:1358:12)
      at processTicksAndRejections (node:internal/process/task_queues:83:21)

npm manifest: 
  {
    "name": "vite-plugin-squoosh",
    "version": "1.0.0",
    "description": "A vite plugin for compressing images using squoosh.",
    "main": "dist/index.cjs",
    "module": "dist/index.mjs",
    "types": "dist/index.d.ts",
    "exports": {
      ".": {
        "import": "./dist/index.mjs",
        "require": "./dist/index.cjs"
      }
    },
    "files": [
      "dist"
    ],
    "scripts": {
      "prepack": "pnpm unbuild",
      "build": "pnpm unbuild",
      "dev": "pnpm unbuild --stub",
      "prepublishOnly": "npm run build"
    },
    "repository": {
      "directory": "core"
    },
    "author": "Dylan N",
    "license": "MIT",
    "dependencies": {
      "@squoosh/lib": "0.4.0"
    }
  }

yarn manifest: 
  No manifest

Lockfile: 
  # THIS IS AN AUTOGENERATED FILE. DO NOT EDIT THIS FILE DIRECTLY.
  # yarn lockfile v1
  
  
  "@squoosh/lib@^0.4.0":
    version "0.4.0"
    resolved "https://registry.yarnpkg.com/@squoosh/lib/-/lib-0.4.0.tgz#31d18cb082c69e404589e2e281414d10f91e1668"
    integrity sha512-O1LyugWLZjMI4JZeZMA5vzfhfPjfMZXH5/HmVkRagP8B70wH3uoR7tjxfGNdSavey357MwL8YJDxbGwBBdHp7Q==
    dependencies:
      wasm-feature-detect "^1.2.11"
      web-streams-polyfill "^3.0.3"
  
  wasm-feature-detect@^1.2.11:
    version "1.3.0"
    resolved "https://registry.yarnpkg.com/wasm-feature-detect/-/wasm-feature-detect-1.3.0.tgz#fb3fc5dd4a1ba950a429be843daad67fe048bc42"
    integrity sha512-w9datO3OReMouWgKOelvu1CozmLK/VbkXOtlzNTanBJpR0uBHyUwS3EYdXf5vBPoHKYS0lpuYo91rpqMNIZM9g==
  
  web-streams-polyfill@^3.0.3:
    version "3.2.1"
    resolved "https://registry.yarnpkg.com/web-streams-polyfill/-/web-streams-polyfill-3.2.1.tgz#71c2718c52b45fd49dbeee88634b3a60ceab42a6"
    integrity sha512-e0MO3wdXWKrLbL0DgGnUV7WHVuw9OUvL4hjgnPkIeEvESk74gAITi5G606JtZPp39cd8HA9VQzCIvA49LpPN5Q==
